<?xml version="1.0" encoding="UTF-8"?>
<testsuite name="LexerTest" tests="1" skipped="0" failures="0" errors="0" timestamp="2022-11-13T08:05:08" hostname="DS01" time="0.038">
  <properties/>
  <testcase name="test token parsing()" classname="LexerTest" time="0.038"/>
  <system-out><![CDATA[]]></system-out>
  <system-err><![CDATA[]]></system-err>
</testsuite>
